C51 COMPILER V9.01   KEY                                                                   05/23/2020 14:11:38 PAGE 1   


C51 COMPILER V9.01, COMPILATION OF MODULE KEY
OBJECT MODULE PLACED IN key.OBJ
COMPILER INVOKED BY: C:\Keil_v5\C51\BIN\C51.EXE key.c BROWSE DEBUG OBJECTEXTEND

line level    source

   1          #include"key.h"
   2          
   3          
   4          uchar status=0;
   5          uchar flag=0;
   6          
   7          void key1()
   8          {  
   9   1         k1=1;
  10   1         if(k1==0)
  11   1         {
  12   2           delay(1000);//延时10微秒
  13   2               if(k1==1)
  14   2               {
  15   3                      flag=!flag;
  16   3               }
  17   2               while(!k1);
  18   2         }
  19   1        
  20   1      }
  21          
  22          void key2()//选择变量
  23          {
  24   1        k2=1;
  25   1        if(k2==0&&flag==1)
  26   1        {
  27   2           delay(1000);
  28   2               if(k2==0)
  29   2               {
  30   3                 status++;
  31   3                 status=status%6;//status从0到5
  32   3                 //0代表年，1代表月，2代表日，3代表时，4代表分，5代表秒
  33   3               }
  34   2               while(!k2);
  35   2        }
  36   1      }
  37          
  38          void key3()//加
  39          {
  40   1        k3=1;
  41   1        if(k3==0&&flag==1)
  42   1        {
  43   2          delay(1000);
  44   2              if(k3==0)
  45   2              {
  46   3                switch(status)
  47   3                {
  48   4                  case 0:TIME2[0]++;//年
  49   4                              if(TIME2[0]==100)
  50   4                                      TIME2[0]=0;
  51   4                                      break;
  52   4                      case 1: TIME2[2]++;//月
  53   4                              TIME[2]=TIME[2]%13;
  54   4                                      break;
  55   4                  case 2: TIME2[3]++; //日
C51 COMPILER V9.01   KEY                                                                   05/23/2020 14:11:38 PAGE 2   

  56   4                              if(TIME2[2]%2==1)//如果是单月
  57   4                                         TIME2[3]%=32;
  58   4                                      if(TIME2[2]%2==0&&TIME2[2]!=2)//如果为不是2的双月
  59   4                                         TIME2[3]%=31;
  60   4                                      if(TIME2[2]==2&&TIME2[0]%4==0)//如果为闰月
  61   4                                         TIME2[3]%=30;
  62   4                                      else                    //如果为平月
  63   4                                         TIME2[3]%=29;
  64   4                      break;
  65   4      
  66   4                      case 3: TIME2[4]++;     //时
  67   4                              TIME2[4]%=24;
  68   4                                      break;
  69   4                      case 4: TIME2[5]++;//分
  70   4                              TIME2[5]%= 60;
  71   4                                      break;
  72   4                      case 5 : TIME2[6]++; //秒
  73   4                               TIME2[6]%=60;
  74   4                                       break;
  75   4      
  76   4                 }
  77   3              }
  78   2              while(!k3);
  79   2        }
  80   1      }
  81          


MODULE INFORMATION:   STATIC OVERLAYABLE
   CODE SIZE        =    234    ----
   CONSTANT SIZE    =   ----    ----
   XDATA SIZE       =   ----    ----
   PDATA SIZE       =   ----    ----
   DATA SIZE        =      2    ----
   IDATA SIZE       =   ----    ----
   BIT SIZE         =   ----    ----
END OF MODULE INFORMATION.


C51 COMPILATION COMPLETE.  0 WARNING(S),  0 ERROR(S)
