C51 COMPILER V9.01   MAIN                                                                  05/27/2020 10:12:24 PAGE 1   


C51 COMPILER V9.01, COMPILATION OF MODULE MAIN
OBJECT MODULE PLACED IN main.OBJ
COMPILER INVOKED BY: C:\Keil_v5\C51\BIN\C51.EXE main.c BROWSE DEBUG OBJECTEXTEND

line level    source

   1          #include"i2c.h"
   2          #include"oledchar.h"
   3          #include"ds1302.h"
   4          #include"key.h"
   5          
   6          
   7          
   8          uchar  singletime[13];
   9          
  10          void display()
  11          {        
  12   1           //time_change();
  13   1               singletime[0]=TIME[5]/16;//年的十位
  14   1               singletime[1]=TIME[5]%16;//年的个位
  15   1               singletime[2]=TIME[4]/16;//月的十位
  16   1               singletime[3]=TIME[4]%16;//月的个位
  17   1               singletime[4]=TIME[3]/16;//日的十位
  18   1               singletime[5]=TIME[3]%16;//日的个位
  19   1               singletime[6]=TIME[2]/16;//时的十位，24时制
  20   1               singletime[7]=TIME[2]%16;//时的个位
  21   1               singletime[8]=TIME[1]/16;//分的十位
  22   1               singletime[9]=TIME[1]%16;//分的个位
  23   1               singletime[10]=TIME[0]/16;//秒的十位
  24   1               singletime[11]=TIME[0]%16;//秒的个位
  25   1               singletime[12]=TIME[6]%16;//星期几
  26   1      
  27   1      
  28   1      
  29   1      }
  30          
  31          
  32          
  33          
  34          
  35          
  36          
  37          
  38          
  39          void main()
  40          {
  41   1           
  42   1           uchar i,j,k;
  43   1              
  44   1               oled_initial(); 
  45   1           Ds1302Init();
  46   1               
  47   1              
  48   1      
  49   1      
  50   1      
  51   1              for(i=2;i<6;i++)//显示简易时钟四个字
  52   1              {
  53   2                oled_put_char_16x16(i,0,1);
  54   2                for(j=0;j<32;j++)
  55   2                {
C51 COMPILER V9.01   MAIN                                                                  05/27/2020 10:12:24 PAGE 2   

  56   3                  oled_Write_data(zifu[i-2][j]);
  57   3                }
  58   2      
  59   2              }
  60   1               
  61   1               for(i=0;i<3;i++)//显示年月日三个字符
  62   1               {
  63   2                  oled_put_char_16x16(2+2*i,1,1);
  64   2                      for(j=0;j<32;j++)
  65   2                      {
  66   3                      oled_Write_data(zifu[i+4][j]);
  67   3                      }
  68   2               }
  69   1      
  70   1               for(i=0;i<2;i++)//显示星期字符
  71   1               {
  72   2                    oled_put_char_16x16(2+i,2,1);
  73   2                        
  74   2                        for(j=0;j<32;j++)
  75   2                        {     
  76   3                                  oled_Write_data(zifu[i+7][j]);
  77   3                                      
  78   3                                          
  79   3                        }
  80   2      
  81   2               }
  82   1      
  83   1               for(i=0;i<2;i++)//显示冒号
  84   1               {
  85   2                  oled_put_char_16x16(6+3*i,3,0);
  86   2                      for(j=0;j<16;j++)
  87   2                      {
  88   3                        oled_Write_data(number[25][j]);
  89   3                      }
  90   2               }
  91   1      
  92   1      
  93   1               for(i=0;i<2;i++)//显示年份的前两位20
  94   1               {
  95   2                  oled_put_char_16x16(i,1,0);
  96   2                      for(j=0;j<16;j++)
  97   2                      {
  98   3                        oled_Write_data(number[17-2*i][j]);
  99   3                      }
 100   2               }
 101   1      
 102   1               while(1)
 103   1               {
 104   2                      if(!flag)
 105   2                      {
 106   3              Ds1302ReadTime();
 107   3                      }
 108   2                      
 109   2                      //time_change();
 110   2                  display();
 111   2                      inint1();
 112   2                  if(flag==1)key3();
 113   2                      if(flag==1)key2();
 114   2                      if(flag==1)key1();
 115   2                      TIME[6]=CaculateWeekDay(2000+(TIME[5])/16*10+TIME[5]%16,TIME[4]/16*10+TIME[4]%16, TIME[3]/16*10+TIME[3]%
             -16)+1;
 116   2      
C51 COMPILER V9.01   MAIN                                                                  05/27/2020 10:12:24 PAGE 3   

 117   2      
 118   2               
 119   2      
 120   2               for(k=0;k<3;k++)//显示年年月日数字
 121   2               {
 122   3               for(i=0;i<2;i++)
 123   3               {
 124   4                      oled_put_char_16x16(i+2+4*k,1,0);
 125   4                      for(j=0;j<16;j++)
 126   4                      { 
 127   5                         oled_Write_data(number[15+singletime[i+2*k]][j]);
 128   5                      }
 129   4               }
 130   3               }
 131   2      
 132   2                oled_put_char_16x16(4,2,1);
 133   2                for(j=0;j<32;j++)
 134   2                {
 135   3               
 136   3                oled_Write_data(zifu[8+singletime[12]][j]);//显示星期几
 137   3                }
 138   2      
 139   2      
 140   2               
 141   2               
 142   2               
 143   2               for(k=0;k<3;k++)
 144   2               {
 145   3               for(i=0;i<2;i++)
 146   3               {
 147   4                      oled_put_char_16x16(i+4+3*k,3,0);
 148   4                      for(j=0;j<16;j++)
 149   4                      { 
 150   5                         oled_Write_data(number[15+singletime[i+2*k+6]][j]);
 151   5                      }
 152   4               }
 153   3               }
 154   2      
 155   2               }
 156   1              
 157   1               
 158   1      
 159   1      
 160   1              
 161   1              
 162   1              
 163   1      
 164   1                      
 165   1      }


MODULE INFORMATION:   STATIC OVERLAYABLE
   CODE SIZE        =    812    ----
   CONSTANT SIZE    =   ----    ----
   XDATA SIZE       =   ----    ----
   PDATA SIZE       =   ----    ----
   DATA SIZE        =     13       3
   IDATA SIZE       =   ----    ----
   BIT SIZE         =   ----    ----
END OF MODULE INFORMATION.


C51 COMPILATION COMPLETE.  0 WARNING(S),  0 ERROR(S)
