C51 COMPILER V9.01   MAIN                                                                  05/23/2020 14:25:13 PAGE 1   


C51 COMPILER V9.01, COMPILATION OF MODULE MAIN
OBJECT MODULE PLACED IN main.OBJ
COMPILER INVOKED BY: C:\Keil_v5\C51\BIN\C51.EXE main.c BROWSE DEBUG OBJECTEXTEND

line level    source

   1          #include"i2c.h"
   2          #include"oledchar.h"
   3          #include"ds1302.h"
   4          
   5                             
   6          
   7          uchar  singletime[13];
   8          
   9          void display()
  10          {        
  11   1           //time_change();
  12   1               singletime[0]=TIME[6]/16;//年的十位
  13   1               singletime[1]=TIME[6]%16;//年的个位
  14   1               singletime[2]=TIME[4]/16;//月的十位
  15   1               singletime[3]=TIME[4]%16;//月的个位
  16   1               singletime[4]=TIME[3]/16;//日的十位
  17   1               singletime[5]=TIME[3]%16;//日的个位
  18   1               singletime[6]=TIME[2]/16;//时的十位，24时制
  19   1               singletime[7]=TIME[2]%16;//时的个位
  20   1               singletime[8]=TIME[1]/16;//分的十位
  21   1               singletime[9]=TIME[1]%16;//分的个位
  22   1               singletime[10]=TIME[0]/16;//秒的十位
  23   1               singletime[11]=TIME[0]%16;//秒的个位
  24   1               singletime[12]=TIME[5]%16;//星期几
  25   1      
  26   1      
  27   1      
  28   1      }
  29          
  30          
  31          
  32          void main()
  33          {
  34   1           
  35   1           uchar i,j,k;
  36   1              
  37   1               oled_initial(); 
  38   1           Ds1302Init();
  39   1               
  40   1              
  41   1      
  42   1      
  43   1      
  44   1              for(i=2;i<6;i++)//显示简易时钟四个字
  45   1              {
  46   2                oled_put_char_16x16(i,0,1);
  47   2                for(j=0;j<32;j++)
  48   2                {
  49   3                  oled_Write_data(zifu[i-2][j]);
  50   3                }
  51   2      
  52   2              }
  53   1               
  54   1               for(i=0;i<3;i++)//显示年月日三个字符
  55   1               {
C51 COMPILER V9.01   MAIN                                                                  05/23/2020 14:25:13 PAGE 2   

  56   2                  oled_put_char_16x16(2+2*i,1,1);
  57   2                      for(j=0;j<32;j++)
  58   2                      {
  59   3                      oled_Write_data(zifu[i+4][j]);
  60   3                      }
  61   2               }
  62   1      
  63   1               for(i=0;i<2;i++)//显示星期字符
  64   1               {
  65   2                    oled_put_char_16x16(2+i,2,1);
  66   2                        
  67   2                        for(j=0;j<32;j++)
  68   2                        {     
  69   3                                  oled_Write_data(zifu[i+7][j]);
  70   3                                      
  71   3                                          
  72   3                        }
  73   2      
  74   2               }
  75   1      
  76   1               for(i=0;i<2;i++)//显示冒号
  77   1               {
  78   2                  oled_put_char_16x16(6+3*i,3,0);
  79   2                      for(j=0;j<16;j++)
  80   2                      {
  81   3                        oled_Write_data(number[25][j]);
  82   3                      }
  83   2               }
  84   1      
  85   1      
  86   1               for(i=0;i<2;i++)//显示年份的前两位20
  87   1               {
  88   2                  oled_put_char_16x16(i,1,0);
  89   2                      for(j=0;j<16;j++)
  90   2                      {
  91   3                        oled_Write_data(number[17-2*i][j]);
  92   3                      }
  93   2               }
  94   1      
  95   1               while(1)
  96   1               {
  97   2               
  98   2              Ds1302ReadTime();
  99   2                      time_change();
 100   2                  display();
 101   2      
 102   2               
 103   2      
 104   2               for(k=0;k<3;k++)//显示年年月日数字
 105   2               {
 106   3               for(i=0;i<2;i++)
 107   3               {
 108   4                      oled_put_char_16x16(i+2+4*k,1,0);
 109   4                      for(j=0;j<16;j++)
 110   4                      { 
 111   5                         oled_Write_data(number[15+singletime[i+2*k]][j]);
 112   5                      }
 113   4               }
 114   3               }
 115   2      
 116   2                oled_put_char_16x16(4,2,1);
 117   2                for(j=0;j<32;j++)
C51 COMPILER V9.01   MAIN                                                                  05/23/2020 14:25:13 PAGE 3   

 118   2                {
 119   3               
 120   3                oled_Write_data(zifu[8+singletime[12]][j]);//显示星期几
 121   3                }
 122   2      
 123   2      
 124   2               
 125   2               
 126   2               
 127   2               for(k=0;k<3;k++)
 128   2               {
 129   3               for(i=0;i<2;i++)
 130   3               {
 131   4                      oled_put_char_16x16(i+4+3*k,3,0);
 132   4                      for(j=0;j<16;j++)
 133   4                      { 
 134   5                         oled_Write_data(number[15+singletime[i+2*k+6]][j]);
 135   5                      }
 136   4               }
 137   3               }
 138   2      
 139   2               }
 140   1              
 141   1               
 142   1      
 143   1      
 144   1              
 145   1              
 146   1              
 147   1      
 148   1                      
 149   1      }


MODULE INFORMATION:   STATIC OVERLAYABLE
   CODE SIZE        =    699    ----
   CONSTANT SIZE    =   ----    ----
   XDATA SIZE       =   ----    ----
   PDATA SIZE       =   ----    ----
   DATA SIZE        =     13       3
   IDATA SIZE       =   ----    ----
   BIT SIZE         =   ----    ----
END OF MODULE INFORMATION.


C51 COMPILATION COMPLETE.  0 WARNING(S),  0 ERROR(S)
