C51 COMPILER V9.01   OLEDCHAR                                                              05/22/2020 16:33:47 PAGE 1   


C51 COMPILER V9.01, COMPILATION OF MODULE OLEDCHAR
OBJECT MODULE PLACED IN oledchar.OBJ
COMPILER INVOKED BY: C:\Keil_v5\C51\BIN\C51.EXE oledchar.c BROWSE DEBUG OBJECTEXTEND

line level    source

   1          #include"oledchar.h"
   2          
   3          //数组名前加code 可以增大数组的容量
   4          uchar code zifu[16][32]=
   5                {{0x08,0x04,0xC3,0x12,0x26,0x8A,0xA2,0xAA,0xA4,0xA3,0x22,0x26,0xEA,0x02,0x02,0x00,
   6                 0x00,0x00,0xFF,0x00,0x00,0x3F,0x24,0x24,0x24,0x3F,0x00,0x80,0xFF,0x00,0x00,0x00,},//简
   7                     {0x00,0x00,0x00,0x00,0x7F,0xC9,0x49,0x49,0x49,0x49,0x49,0x7F,0x00,0x00,0x00,0x00,
   8                 0x00,0x08,0x04,0x42,0x23,0x12,0x8E,0x42,0x32,0x0E,0x42,0x82,0x42,0x3E,0x00,0x00,},//易
   9                     {0x00,0xFC,0x84,0x84,0x84,0xFC,0x00,0x10,0x10,0x10,0x10,0x10,0xFF,0x10,0x10,0x00,
  10                 0x00,0x3F,0x10,0x10,0x10,0x3F,0x00,0x00,0x01,0x06,0x40,0x80,0x7F,0x00,0x00,0x00,},//时
  11                     {0x20,0x10,0x2C,0xE7,0x24,0x24,0x00,0xF0,0x10,0x10,0xFF,0x10,0x10,0xF0,0x00,0x00,
  12                 0x01,0x01,0x01,0x7F,0x21,0x11,0x00,0x07,0x02,0x02,0xFF,0x02,0x02,0x07,0x00,0x00,},//钟
  13                     {0x00,0x20,0x18,0xC7,0x44,0x44,0x44,0x44,0xFC,0x44,0x44,0x44,0x44,0x04,0x00,0x00,
  14                 0x04,0x04,0x04,0x07,0x04,0x04,0x04,0x04,0xFF,0x04,0x04,0x04,0x04,0x04,0x04,0x00,},//年
  15                     {0x00,0x00,0x00,0xFE,0x22,0x22,0x22,0x22,0x22,0x22,0x22,0x22,0xFE,0x00,0x00,0x00,
  16                 0x80,0x40,0x30,0x0F,0x02,0x02,0x02,0x02,0x02,0x02,0x42,0x82,0x7F,0x00,0x00,0x00,},//月
  17                     {0x00,0x00,0x00,0xFE,0x82,0x82,0x82,0x82,0x82,0x82,0x82,0xFE,0x00,0x00,0x00,0x00,
  18                 0x00,0x00,0x00,0xFF,0x40,0x40,0x40,0x40,0x40,0x40,0x40,0xFF,0x00,0x00,0x00,0x00,},//日
  19                     {0x00,0x00,0x00,0xBE,0x2A,0x2A,0x2A,0xEA,0x2A,0x2A,0x2A,0x3E,0x00,0x00,0x00,0x00,
  20                 0x00,0x44,0x42,0x49,0x49,0x49,0x49,0x7F,0x49,0x49,0x49,0x49,0x41,0x40,0x00,0x00,},//星
  21                     {0x00,0x04,0xFF,0x24,0x24,0x24,0xFF,0x04,0x00,0xFE,0x22,0x22,0x22,0xFE,0x00,0x00,
  22                 0x88,0x48,0x2F,0x09,0x09,0x19,0xAF,0x48,0x30,0x0F,0x02,0x42,0x82,0x7F,0x00,0x00,},//期
  23                     {0x80,0x80,0x80,0x80,0x80,0x80,0x80,0x80,0x80,0x80,0x80,0x80,0x80,0x80,0x80,0x00,
  24                 0x00,0x00,0x00,0x00,0x00,0x00,0x00,0x00,0x00,0x00,0x00,0x00,0x00,0x00,0x00,0x00,},//一
  25                     {0x00,0x00,0x08,0x08,0x08,0x08,0x08,0x08,0x08,0x08,0x08,0x08,0x08,0x00,0x00,0x00,
  26                 0x10,0x10,0x10,0x10,0x10,0x10,0x10,0x10,0x10,0x10,0x10,0x10,0x10,0x10,0x10,0x00,},//二
  27                     {0x00,0x04,0x84,0x84,0x84,0x84,0x84,0x84,0x84,0x84,0x84,0x84,0x84,0x04,0x00,0x00,
  28                 0x20,0x20,0x20,0x20,0x20,0x20,0x20,0x20,0x20,0x20,0x20,0x20,0x20,0x20,0x20,0x00,},//三
  29                     {0x00,0xFC,0x04,0x04,0x04,0xFC,0x04,0x04,0x04,0xFC,0x04,0x04,0x04,0xFC,0x00,0x00,
  30                 0x00,0x7F,0x28,0x24,0x23,0x20,0x20,0x20,0x20,0x21,0x22,0x22,0x22,0x7F,0x00,0x00,},//四
  31                     {0x00,0x02,0x42,0x42,0x42,0xC2,0x7E,0x42,0x42,0x42,0x42,0xC2,0x02,0x02,0x00,0x00,
  32                 0x40,0x40,0x40,0x40,0x78,0x47,0x40,0x40,0x40,0x40,0x40,0x7F,0x40,0x40,0x40,0x00,},//五
  33                     {0x20,0x20,0x20,0x20,0x20,0x20,0x21,0x22,0x2C,0x20,0x20,0x20,0x20,0x20,0x20,0x00,
  34                 0x00,0x40,0x20,0x10,0x0C,0x03,0x00,0x00,0x00,0x01,0x02,0x04,0x18,0x60,0x00,0x00,},//六
  35                     {0x00,0x00,0x00,0xFE,0x82,0x82,0x82,0x82,0x82,0x82,0x82,0xFE,0x00,0x00,0x00,0x00,
  36                 0x00,0x00,0x00,0xFF,0x40,0x40,0x40,0x40,0x40,0x40,0x40,0xFF,0x00,0x00,0x00,0x00,},//日
  37                    };
  38          
  39          uchar code number[95][16]=
  40             { {0x00,0x00,0x00,0xF8,0x00,0x00,0x00,0x00,0x00,0x00,0x00,0x33,0x00,0x00,0x00,0x00,},//!,0
  41               {0x00,0x10,0x0C,0x02,0x10,0x0C,0x02,0x00,0x00,0x00,0x00,0x00,0x00,0x00,0x00,0x00,},//",1
  42                   {0x00,0x40,0xC0,0x78,0x40,0xC0,0x78,0x00,0x00,0x04,0x3F,0x04,0x04,0x3F,0x04,0x00,},//#,2
  43                   {0x00,0x70,0x88,0x88,0xFC,0x08,0x30,0x00,0x00,0x18,0x20,0x20,0xFF,0x21,0x1E,0x00,},//$,3
  44                   {0xF0,0x08,0xF0,0x80,0x60,0x18,0x00,0x00,0x00,0x31,0x0C,0x03,0x1E,0x21,0x1E,0x00,},//%,4
  45                   {0x00,0xF0,0x08,0x88,0x70,0x00,0x00,0x00,0x1E,0x21,0x23,0x2C,0x19,0x27,0x21,0x10,},//&,5
  46                   {0x00,0x12,0x0E,0x00,0x00,0x00,0x00,0x00,0x00,0x00,0x00,0x00,0x00,0x00,0x00,0x00,},//'
  47                   {0x00,0x00,0x00,0xE0,0x18,0x04,0x02,0x00,0x00,0x00,0x00,0x07,0x18,0x20,0x40,0x00,},//(
  48                   {0x00,0x02,0x04,0x18,0xE0,0x00,0x00,0x00,0x00,0x40,0x20,0x18,0x07,0x00,0x00,0x00,},//)
  49                   {0x40,0x40,0x80,0xF0,0x80,0x40,0x40,0x00,0x02,0x02,0x01,0x0F,0x01,0x02,0x02,0x00,},//*
  50                   {0x00,0x00,0x00,0x00,0xE0,0x00,0x00,0x00,0x00,0x01,0x01,0x01,0x0F,0x01,0x01,0x01,},//+
  51                   {0x00,0x00,0x00,0x00,0x00,0x00,0x00,0x00,0x00,0x90,0x70,0x00,0x00,0x00,0x00,0x00,},//,
  52                   {0x00,0x80,0x80,0x80,0x80,0x80,0x80,0x80,0x00,0x00,0x00,0x00,0x00,0x00,0x00,0x00,},//-
  53                   {0x00,0x00,0x00,0x00,0x00,0x00,0x00,0x00,0x00,0x30,0x30,0x00,0x00,0x00,0x00,0x00,},//.
  54                   {0x00,0x00,0x00,0x00,0xC0,0x38,0x04,0x00,0x00,0x60,0x18,0x07,0x00,0x00,0x00,0x00,},/// 
  55               {0x00,0xE0,0x10,0x08,0x08,0x10,0xE0,0x00,0x00,0x0F,0x10,0x20,0x20,0x10,0x0F,0x00,},//0
C51 COMPILER V9.01   OLEDCHAR                                                              05/22/2020 16:33:47 PAGE 2   

  56               {0x00,0x00,0x10,0x10,0xF8,0x00,0x00,0x00,0x00,0x00,0x20,0x20,0x3F,0x20,0x20,0x00,},//1
  57                   {0x00,0x70,0x08,0x08,0x08,0x08,0xF0,0x00,0x00,0x30,0x28,0x24,0x22,0x21,0x30,0x00,},//2
  58                   {0x00,0x30,0x08,0x08,0x08,0x88,0x70,0x00,0x00,0x18,0x20,0x21,0x21,0x22,0x1C,0x00,},//3
  59                   {0x00,0x00,0x80,0x40,0x30,0xF8,0x00,0x00,0x00,0x06,0x05,0x24,0x24,0x3F,0x24,0x24,},//4
  60                   {0x00,0xF8,0x88,0x88,0x88,0x08,0x08,0x00,0x00,0x19,0x20,0x20,0x20,0x11,0x0E,0x00,},//5
  61                   {0x00,0xE0,0x10,0x88,0x88,0x90,0x00,0x00,0x00,0x0F,0x11,0x20,0x20,0x20,0x1F,0x00,},//6
  62                   {0x00,0x18,0x08,0x08,0x88,0x68,0x18,0x00,0x00,0x00,0x00,0x3E,0x01,0x00,0x00,0x00,},//7
  63                   {0x00,0x70,0x88,0x08,0x08,0x88,0x70,0x00,0x00,0x1C,0x22,0x21,0x21,0x22,0x1C,0x00,},//8
  64                   {0x00,0xF0,0x08,0x08,0x08,0x10,0xE0,0x00,0x00,0x01,0x12,0x22,0x22,0x11,0x0F,0x00,},//9
  65                   {0x00,0x00,0x00,0x00,0x00,0x00,0x00,0x00,0x00,0x00,0x36,0x36,0x00,0x00,0x00,0x00,},//：
  66                   {0x00,0x00,0x00,0x00,0x00,0x00,0x00,0x00,0x00,0x00,0x5B,0x3B,0x00,0x00,0x00,0x00,},//;
  67                   {0x00,0x00,0x80,0x40,0x20,0x10,0x08,0x00,0x00,0x01,0x02,0x04,0x08,0x10,0x20,0x00,},//<
  68                   {0x00,0x40,0x40,0x40,0x40,0x40,0x40,0x00,0x00,0x02,0x02,0x02,0x02,0x02,0x02,0x00,},//=
  69                   {0x00,0x08,0x10,0x20,0x40,0x80,0x00,0x00,0x00,0x20,0x10,0x08,0x04,0x02,0x01,0x00,},//>
  70                   {0x00,0x70,0x48,0x08,0x08,0x88,0x70,0x00,0x00,0x00,0x00,0x30,0x37,0x00,0x00,0x00,},//?
  71                   {0xC0,0x30,0xC8,0x28,0xE8,0x10,0xE0,0x00,0x07,0x18,0x27,0x28,0x2F,0x28,0x17,0x00,},//@
  72                   {0x00,0x00,0xC0,0x38,0xE0,0x00,0x00,0x00,0x20,0x3C,0x23,0x02,0x02,0x27,0x38,0x20,},//A
  73                   {0x08,0xF8,0x88,0x88,0x88,0x70,0x00,0x00,0x20,0x3F,0x20,0x20,0x20,0x11,0x0E,0x00,},//B
  74                   {0xC0,0x30,0x08,0x08,0x08,0x08,0x38,0x00,0x07,0x18,0x20,0x20,0x20,0x10,0x08,0x00,},//C
  75                   {0x08,0xF8,0x08,0x08,0x08,0x10,0xE0,0x00,0x20,0x3F,0x20,0x20,0x20,0x10,0x0F,0x00,},//D
  76                   {0x08,0xF8,0x88,0x88,0xE8,0x08,0x10,0x00,0x20,0x3F,0x20,0x20,0x23,0x20,0x18,0x00,},//E
  77                   {0x08,0xF8,0x88,0x88,0xE8,0x08,0x10,0x00,0x20,0x3F,0x20,0x00,0x03,0x00,0x00,0x00,},//F
  78                   {0xC0,0x30,0x08,0x08,0x08,0x38,0x00,0x00,0x07,0x18,0x20,0x20,0x22,0x1E,0x02,0x00,},//G
  79                   {0x08,0xF8,0x08,0x00,0x00,0x08,0xF8,0x08,0x20,0x3F,0x21,0x01,0x01,0x21,0x3F,0x20,},//H
  80                   {0x00,0x08,0x08,0xF8,0x08,0x08,0x00,0x00,0x00,0x20,0x20,0x3F,0x20,0x20,0x00,0x00,},//I
  81                   {0x00,0x00,0x08,0x08,0xF8,0x08,0x08,0x00,0xC0,0x80,0x80,0x80,0x7F,0x00,0x00,0x00,},//J
  82                   {0x08,0xF8,0x88,0xC0,0x28,0x18,0x08,0x00,0x20,0x3F,0x20,0x01,0x26,0x38,0x20,0x00,},//K
  83                   {0x08,0xF8,0x08,0x00,0x00,0x00,0x00,0x00,0x20,0x3F,0x20,0x20,0x20,0x20,0x30,0x00,},//L
  84                   {0x08,0xF8,0xF8,0x00,0xF8,0xF8,0x08,0x00,0x20,0x3F,0x01,0x3E,0x01,0x3F,0x20,0x00,},//M
  85                   {0x08,0xF8,0x30,0xC0,0x00,0x08,0xF8,0x08,0x20,0x3F,0x20,0x00,0x07,0x18,0x3F,0x00,},//N
  86                   {0xE0,0x10,0x08,0x08,0x08,0x10,0xE0,0x00,0x0F,0x10,0x20,0x20,0x20,0x10,0x0F,0x00,},//O
  87                   {0x08,0xF8,0x08,0x08,0x08,0x08,0xF0,0x00,0x20,0x3F,0x21,0x01,0x01,0x01,0x00,0x00,},//P
  88                   {0xE0,0x10,0x08,0x08,0x08,0x10,0xE0,0x00,0x0F,0x10,0x28,0x28,0x30,0x50,0x4F,0x00,},//Q
  89                   {0x08,0xF8,0x88,0x88,0x88,0x88,0x70,0x00,0x20,0x3F,0x20,0x00,0x03,0x0C,0x30,0x20,},//R
  90                   {0x00,0x70,0x88,0x08,0x08,0x08,0x38,0x00,0x00,0x38,0x20,0x21,0x21,0x22,0x1C,0x00,},//S
  91                   {0x18,0x08,0x08,0xF8,0x08,0x08,0x18,0x00,0x00,0x00,0x20,0x3F,0x20,0x00,0x00,0x00,},//T
  92                   {0x08,0xF8,0x08,0x00,0x00,0x08,0xF8,0x08,0x00,0x1F,0x20,0x20,0x20,0x20,0x1F,0x00,},//U
  93                   {0x08,0x78,0x88,0x00,0x00,0xC8,0x38,0x08,0x00,0x00,0x07,0x38,0x0E,0x01,0x00,0x00,},//V
  94                   {0x08,0xF8,0x00,0xF8,0x00,0xF8,0x08,0x00,0x00,0x03,0x3E,0x01,0x3E,0x03,0x00,0x00,},//W
  95                   {0x08,0x18,0x68,0x80,0x80,0x68,0x18,0x08,0x20,0x30,0x2C,0x03,0x03,0x2C,0x30,0x20,},//X
  96                   {0x08,0x38,0xC8,0x00,0xC8,0x38,0x08,0x00,0x00,0x00,0x20,0x3F,0x20,0x00,0x00,0x00,},//Y
  97                   {0x10,0x08,0x08,0x08,0xC8,0x38,0x08,0x00,0x20,0x38,0x26,0x21,0x20,0x20,0x18,0x00,},//Z
  98                   {0x00,0x00,0x00,0xFE,0x02,0x02,0x02,0x00,0x00,0x00,0x00,0x7F,0x40,0x40,0x40,0x00,},//[
  99                   {0x00,0x00,0x00,0x04,0x08,0x10,0x20,0xC0,0x00,0x00,0x00,0x00,0x02,0x02,0x02,0x7F,},//
 100                   {0x00,0x02,0x02,0x02,0xFE,0x00,0x00,0x00,0x00,0x40,0x40,0x40,0x7F,0x00,0x00,0x00,},//]
 101                   {0x00,0x00,0x04,0x02,0x02,0x04,0x00,0x00,0x00,0x00,0x00,0x00,0x00,0x00,0x00,0x00,},//^
 102                   {0x00,0x00,0x00,0x00,0x00,0x00,0x00,0x00,0x80,0x80,0x80,0x80,0x80,0x80,0x80,0x80,},//_
 103                   {0x00,0x02,0x02,0x04,0x00,0x00,0x00,0x00,0x00,0x00,0x00,0x00,0x00,0x00,0x00,0x00,},//`
 104               {0x00,0x00,0x80,0x80,0x80,0x00,0x00,0x00,0x00,0x19,0x24,0x24,0x12,0x3F,0x20,0x00,},//a
 105                   {0x10,0xF0,0x00,0x80,0x80,0x00,0x00,0x00,0x00,0x3F,0x11,0x20,0x20,0x11,0x0E,0x00,},//b
 106                   {0x00,0x00,0x00,0x80,0x80,0x80,0x00,0x00,0x00,0x0E,0x11,0x20,0x20,0x20,0x11,0x00,},//c
 107                   {0x00,0x00,0x80,0x80,0x80,0x90,0xF0,0x00,0x00,0x1F,0x20,0x20,0x20,0x10,0x3F,0x20,},//d
 108                   {0x00,0x00,0x80,0x80,0x80,0x80,0x00,0x00,0x00,0x1F,0x24,0x24,0x24,0x24,0x17,0x00,},//e
 109                   {0x00,0x80,0x80,0xE0,0x90,0x90,0x20,0x00,0x00,0x20,0x20,0x3F,0x20,0x20,0x00,0x00,},//f
 110                   {0x00,0x00,0x80,0x80,0x80,0x80,0x80,0x00,0x00,0x6B,0x94,0x94,0x94,0x93,0x60,0x00,},//g
 111                   {0x10,0xF0,0x00,0x80,0x80,0x80,0x00,0x00,0x20,0x3F,0x21,0x00,0x00,0x20,0x3F,0x20,},//h
 112                   {0x00,0x80,0x98,0x98,0x00,0x00,0x00,0x00,0x00,0x20,0x20,0x3F,0x20,0x20,0x00,0x00,},//i
 113                   {0x00,0x00,0x00,0x80,0x98,0x98,0x00,0x00,0x00,0xC0,0x80,0x80,0x80,0x7F,0x00,0x00,},//j
 114                   {0x10,0xF0,0x00,0x00,0x80,0x80,0x80,0x00,0x20,0x3F,0x24,0x06,0x29,0x30,0x20,0x00,},//k
 115                   {0x00,0x10,0x10,0xF8,0x00,0x00,0x00,0x00,0x00,0x20,0x20,0x3F,0x20,0x20,0x00,0x00,},//l
 116                   {0x80,0x80,0x80,0x80,0x80,0x80,0x80,0x00,0x20,0x3F,0x20,0x00,0x3F,0x20,0x00,0x3F,},//m
 117                   {0x80,0x80,0x00,0x80,0x80,0x80,0x00,0x00,0x20,0x3F,0x21,0x00,0x00,0x20,0x3F,0x20,},//n
C51 COMPILER V9.01   OLEDCHAR                                                              05/22/2020 16:33:47 PAGE 3   

 118                   {0x00,0x00,0x80,0x80,0x80,0x80,0x00,0x00,0x00,0x1F,0x20,0x20,0x20,0x20,0x1F,0x00,},//o
 119                   {0x80,0x80,0x00,0x80,0x80,0x00,0x00,0x00,0x80,0xFF,0x91,0x20,0x20,0x11,0x0E,0x00,},//p
 120                   {0x00,0x00,0x00,0x80,0x80,0x00,0x80,0x00,0x00,0x0E,0x11,0x20,0x20,0x91,0xFF,0x80,},//q
 121                   {0x80,0x80,0x80,0x00,0x80,0x80,0x80,0x00,0x20,0x20,0x3F,0x21,0x20,0x00,0x01,0x00,},//r
 122                   {0x00,0x00,0x80,0x80,0x80,0x80,0x80,0x00,0x00,0x33,0x24,0x24,0x24,0x24,0x19,0x00,},//s
 123                   {0x00,0x80,0x80,0xE0,0x80,0x80,0x00,0x00,0x00,0x00,0x00,0x1F,0x20,0x20,0x10,0x00,},//t
 124                   {0x80,0x80,0x00,0x00,0x00,0x80,0x80,0x00,0x00,0x1F,0x20,0x20,0x20,0x10,0x3F,0x20,},//u
 125                   {0x80,0x80,0x80,0x00,0x80,0x80,0x80,0x00,0x00,0x03,0x0C,0x30,0x0C,0x03,0x00,0x00,},//v
 126                   {0x80,0x80,0x00,0x80,0x80,0x00,0x80,0x80,0x01,0x0E,0x30,0x0C,0x07,0x38,0x06,0x01,},//w
 127                   {0x00,0x80,0x80,0x80,0x00,0x80,0x80,0x00,0x00,0x20,0x31,0x0E,0x2E,0x31,0x20,0x00,},//x
 128                   {0x80,0x80,0x80,0x00,0x00,0x80,0x80,0x80,0x00,0x81,0x86,0x78,0x18,0x06,0x01,0x00,},//y
 129                   {0x00,0x80,0x80,0x80,0x80,0x80,0x80,0x00,0x00,0x21,0x30,0x2C,0x22,0x21,0x30,0x00,},//z
 130                   {0x00,0x00,0x00,0x00,0x00,0xFC,0x02,0x02,0x00,0x00,0x00,0x00,0x01,0x3E,0x40,0x40,},//{
 131                   {0x00,0x00,0x00,0x00,0xFF,0x00,0x00,0x00,0x00,0x00,0x00,0x00,0xFF,0x00,0x00,0x00,},//|
 132                   {0x02,0x02,0xFC,0x00,0x00,0x00,0x00,0x00,0x40,0x40,0x3E,0x01,0x00,0x00,0x00,0x00,},//}
 133                   {0x80,0x80,0x80,0x80,0x80,0xe0,0xc0,0x80,0x01,0x01,0x01,0x01,0x01,0x07,0x03,0x01,},//右箭头
 134                   {0x80,0xc0,0xe0,0x80,0x80,0x80,0x80,0x80,0x01,0x03,0x07,0x01,0x01,0x01,0x01,0x01,},//左箭头
 135                   
 136             };


MODULE INFORMATION:   STATIC OVERLAYABLE
   CODE SIZE        =   ----    ----
   CONSTANT SIZE    =   2032    ----
   XDATA SIZE       =   ----    ----
   PDATA SIZE       =   ----    ----
   DATA SIZE        =   ----    ----
   IDATA SIZE       =   ----    ----
   BIT SIZE         =   ----    ----
END OF MODULE INFORMATION.


C51 COMPILATION COMPLETE.  0 WARNING(S),  0 ERROR(S)
